2024-11-20T21:03:51.757Z [error] undefined
2024-11-20T21:04:11.781Z [error] undefined
2024-11-20T21:04:24.318Z [error] undefined
2024-11-20T21:05:13.226Z [error] undefined
2024-11-20T21:05:38.411Z [error] undefined
2024-11-20T21:06:22.141Z [error] undefined
2024-11-20T21:06:47.931Z [error] undefined
2024-11-20T21:45:24.660Z [error] Error al unirse al grupo: TypeError: messageController(...).getMessagesByGroupId is not a function. Archivo: [33mindex.js[39m
2024-11-20T21:46:17.957Z [error] Error al unirse al grupo: TypeError: messageController(...).getMessagesByGroupId is not a function. Archivo: [33mindex.js[39m
2024-11-20T22:10:21.097Z [error] Error al unirse al grupo: TypeError: messageController(...).getMessagesByGroupId is not a function
2024-11-20T22:48:29.422Z [error] undefined
2024-11-20T22:48:29.441Z [error] Error al unirse al grupo: TypeError: Cannot read properties of undefined (reading 'map')
2024-11-20T22:48:49.297Z [error] undefined
2024-11-20T22:48:49.319Z [error] Error al unirse al grupo: TypeError: Cannot read properties of undefined (reading 'map')
2024-11-20T22:49:17.231Z [error] undefined
2024-11-20T22:49:17.252Z [error] Error al unirse al grupo: TypeError: Cannot read properties of undefined (reading 'map')
2024-11-20T22:49:37.369Z [error] undefined
2024-11-20T22:49:37.391Z [error] Error al unirse al grupo: TypeError: Cannot read properties of undefined (reading 'map')
2024-11-20T22:49:57.233Z [error] undefined
2024-11-20T22:49:57.241Z [error] Error al unirse al grupo: TypeError: Cannot read properties of undefined (reading 'map')
2024-11-20T22:50:00.245Z [error] undefined
2024-11-20T22:50:00.265Z [error] Error al unirse al grupo: TypeError: Cannot read properties of undefined (reading 'map')
2024-11-20T22:52:05.602Z [error] undefined
2024-11-20T22:52:05.613Z [error] Error al unirse al grupo: TypeError: Cannot read properties of undefined (reading 'map')
2024-11-20T22:52:07.796Z [error] undefined
2024-11-20T22:52:07.816Z [error] Error al unirse al grupo: TypeError: Cannot read properties of undefined (reading 'map')
2024-11-20T22:52:08.073Z [error] undefined
2024-11-20T22:52:08.211Z [error] Error al unirse al grupo: TypeError: Cannot read properties of undefined (reading 'map')
2024-11-20T22:52:08.251Z [error] undefined
2024-11-20T22:52:08.381Z [error] Error al unirse al grupo: TypeError: Cannot read properties of undefined (reading 'map')
2024-11-20T22:52:08.420Z [error] undefined
2024-11-20T22:52:08.456Z [error] Error al unirse al grupo: TypeError: Cannot read properties of undefined (reading 'map')
2024-11-20T22:52:08.494Z [error] undefined
2024-11-20T22:52:08.508Z [error] Error al unirse al grupo: TypeError: Cannot read properties of undefined (reading 'map')
2024-11-20T22:52:10.066Z [error] undefined
2024-11-20T22:52:10.084Z [error] Error al unirse al grupo: TypeError: Cannot read properties of undefined (reading 'map')
2024-11-20T22:52:10.982Z [error] undefined
2024-11-20T22:52:10.992Z [error] Error al unirse al grupo: TypeError: Cannot read properties of undefined (reading 'map')
2024-11-20T22:52:11.632Z [error] undefined
2024-11-20T22:52:11.651Z [error] Error al unirse al grupo: TypeError: Cannot read properties of undefined (reading 'map')
2024-11-20T22:52:16.850Z [error] undefined
2024-11-20T22:52:16.860Z [error] Error al unirse al grupo: TypeError: Cannot read properties of undefined (reading 'map')
2024-11-20T22:52:17.831Z [error] undefined
2024-11-20T22:52:17.844Z [error] Error al unirse al grupo: TypeError: Cannot read properties of undefined (reading 'map')
2024-11-20T22:52:18.370Z [error] undefined
2024-11-20T22:52:18.383Z [error] Error al unirse al grupo: TypeError: Cannot read properties of undefined (reading 'map')
2024-11-20T22:52:19.374Z [error] undefined
2024-11-20T22:52:19.386Z [error] Error al unirse al grupo: TypeError: Cannot read properties of undefined (reading 'map')
2024-11-20T22:52:19.980Z [error] undefined
2024-11-20T22:52:20.000Z [error] Error al unirse al grupo: TypeError: Cannot read properties of undefined (reading 'map')
2024-11-20T22:52:20.205Z [error] undefined
2024-11-20T22:52:20.216Z [error] Error al unirse al grupo: TypeError: Cannot read properties of undefined (reading 'map')
2024-11-20T22:52:20.560Z [error] undefined
2024-11-20T22:52:20.570Z [error] Error al unirse al grupo: TypeError: Cannot read properties of undefined (reading 'map')
2024-11-20T22:52:20.867Z [error] undefined
2024-11-20T22:52:20.880Z [error] Error al unirse al grupo: TypeError: Cannot read properties of undefined (reading 'map')
2024-11-20T22:52:38.921Z [error] undefined
2024-11-20T22:52:38.943Z [error] Error al unirse al grupo: TypeError: Cannot read properties of undefined (reading 'map')
2024-11-20T23:00:45.952Z [error] undefined
2024-11-20T23:00:45.960Z [error] Error al unirse al grupo: TypeError: Cannot read properties of undefined (reading 'map')
2024-11-20T23:00:50.597Z [error] undefined
2024-11-20T23:00:50.609Z [error] Error al unirse al grupo: TypeError: Cannot read properties of undefined (reading 'map')
2024-11-20T23:03:31.274Z [error] undefined
2024-11-20T23:03:31.297Z [error] Error al unirse al grupo: TypeError: Cannot read properties of undefined (reading 'map')
2024-11-20T23:09:22.636Z [error] Error al unirse al grupo: TypeError: messageController(...).getMessageByGroupID is not a function
2024-11-20T23:09:24.166Z [error] Error al unirse al grupo: TypeError: messageController(...).getMessageByGroupID is not a function
2024-11-20T23:09:47.220Z [error] Error al obtener mensajes: 
Invalid `prisma.message.findMany()` invocation:

{
  where: {
    groupId: 42
  },
  include: {
    sender: {
      select: {
        name: true,
        ~~~~
?       id?: true,
?       username?: true,
?       password?: true,
?       email?: true,
?       birthDate?: true,
?       createdAt?: true,
?       updatedAt?: true,
?       deletedAt?: true,
?       tasks?: true,
?       sentMessages?: true,
?       receivedMessages?: true,
?       groups?: true,
?       _count?: true
      }
    }
  }
}

Unknown field `name` for select statement on model `User`. Available options are marked with ?.
2024-11-20T23:09:47.236Z [error] Error al unirse al grupo: PrismaClientValidationError: 
Invalid `prisma.message.findMany()` invocation:

{
  where: {
    groupId: 42
  },
  include: {
    sender: {
      select: {
        name: true,
        ~~~~
?       id?: true,
?       username?: true,
?       password?: true,
?       email?: true,
?       birthDate?: true,
?       createdAt?: true,
?       updatedAt?: true,
?       deletedAt?: true,
?       tasks?: true,
?       sentMessages?: true,
?       receivedMessages?: true,
?       groups?: true,
?       _count?: true
      }
    }
  }
}

Unknown field `name` for select statement on model `User`. Available options are marked with ?.
2024-11-20T23:12:26.440Z [error] Error al enviar el mensaje: 
Invalid `prisma.message.create()` invocation:

{
  data: {
    groupId: NaN,
    sender: {
      connect: {
        id: undefined
      }
    },
    receiverId: null,
+   content: String
  }
}

Argument `content` is missing.
2024-11-20T23:13:36.953Z [error] Error al enviar el mensaje: 
Invalid `prisma.message.create()` invocation:

{
  data: {
    groupId: {
      content: "xddx",
      senderName: "Diego Lopez",
      receiverId: null,
      groupId: 42
    },
    sender: {
      connect: {
        id: undefined
      }
    },
    receiverId: null,
+   content: String
  }
}

Argument `content` is missing.
